{
  "0 debug pnpm:scope": {
    "selected": 1
  },
  "1 debug pnpm:package-manifest": {
    "initial": {},
    "prefix": "/Users/hazelweakly/.local/share/pnpm/store/v3/tmp/dlx-53682"
  },
  "2 debug pnpm:context": {
    "currentLockfileExists": false,
    "storeDir": "/Users/hazelweakly/.local/share/pnpm/store/v3",
    "virtualStoreDir": "/Users/hazelweakly/.local/share/pnpm/store/v3/tmp/dlx-53682/node_modules/.pnpm"
  },
  "3 debug pnpm:stage": {
    "prefix": "/Users/hazelweakly/.local/share/pnpm/store/v3/tmp/dlx-53682",
    "stage": "resolution_started"
  },
  "4 debug pnpm:_dependency_resolved": {
    "resolution": "registry.npmjs.org/prettier/2.6.2",
    "wanted": {
      "dependentId": ".",
      "name": "prettier",
      "rawSpec": "latest"
    }
  },
  "5 debug pnpm:progress": {
    "packageId": "registry.npmjs.org/prettier/2.6.2",
    "requester": "/Users/hazelweakly/.local/share/pnpm/store/v3/tmp/dlx-53682",
    "status": "resolved"
  },
  "6 debug pnpm:package-manifest": {
    "prefix": "/Users/hazelweakly/.local/share/pnpm/store/v3/tmp/dlx-53682",
    "updated": {
      "dependencies": {
        "prettier": "^2.6.2"
      }
    }
  },
  "7 debug pnpm:package-manifest": {
    "prefix": "/Users/hazelweakly/.local/share/pnpm/store/v3/tmp/dlx-53682",
    "updated": {
      "dependencies": {
        "prettier": "^2.6.2"
      }
    }
  },
  "8 debug pnpm:stage": {
    "prefix": "/Users/hazelweakly/.local/share/pnpm/store/v3/tmp/dlx-53682",
    "stage": "resolution_done"
  },
  "9 debug pnpm:stats": {
    "prefix": "/Users/hazelweakly/.local/share/pnpm/store/v3/tmp/dlx-53682",
    "removed": 0
  },
  "10 debug pnpm:stage": {
    "prefix": "/Users/hazelweakly/.local/share/pnpm/store/v3/tmp/dlx-53682",
    "stage": "importing_started"
  },
  "11 debug pnpm:stats": {
    "added": 1,
    "prefix": "/Users/hazelweakly/.local/share/pnpm/store/v3/tmp/dlx-53682"
  },
  "12 debug pnpm:progress": {
    "packageId": "registry.npmjs.org/prettier/2.6.2",
    "requester": "/Users/hazelweakly/.local/share/pnpm/store/v3/tmp/dlx-53682",
    "status": "found_in_store"
  },
  "13 debug pnpm:package-import-method": {
    "method": "hardlink"
  },
  "14 debug pnpm:progress": {
    "method": "hardlink",
    "requester": "/Users/hazelweakly/.local/share/pnpm/store/v3/tmp/dlx-53682",
    "status": "imported",
    "to": "/Users/hazelweakly/.local/share/pnpm/store/v3/tmp/dlx-53682/node_modules/.pnpm/prettier@2.6.2/node_modules/prettier"
  },
  "15 debug pnpm:stage": {
    "prefix": "/Users/hazelweakly/.local/share/pnpm/store/v3/tmp/dlx-53682",
    "stage": "importing_done"
  },
  "16 debug pnpm:link": {
    "target": "/Users/hazelweakly/.local/share/pnpm/store/v3/tmp/dlx-53682/node_modules/.pnpm/prettier@2.6.2/node_modules/prettier",
    "link": "/Users/hazelweakly/.local/share/pnpm/store/v3/tmp/dlx-53682/node_modules/prettier"
  },
  "17 debug pnpm:root": {
    "added": {
      "dependencyType": "prod",
      "id": "registry.npmjs.org/prettier/2.6.2",
      "name": "prettier",
      "realName": "prettier",
      "version": "2.6.2"
    },
    "prefix": "/Users/hazelweakly/.local/share/pnpm/store/v3/tmp/dlx-53682"
  },
  "18 debug pnpm:summary": {
    "prefix": "/Users/hazelweakly/.local/share/pnpm/store/v3/tmp/dlx-53682"
  },
  "19 error pnpm": {
    "shortMessage": "Command failed with exit code 1: /Users/hazelweakly/.local/share/pnpm/store/v3/tmp/dlx-53682/node_modules/.bin/prettier",
    "command": "/Users/hazelweakly/.local/share/pnpm/store/v3/tmp/dlx-53682/node_modules/.bin/prettier",
    "escapedCommand": "\"/Users/hazelweakly/.local/share/pnpm/store/v3/tmp/dlx-53682/node_modules/.bin/prettier\"",
    "exitCode": 1,
    "failed": true,
    "timedOut": false,
    "isCanceled": false,
    "killed": false,
    "err": {
      "name": "pnpm",
      "message": "Command failed with exit code 1: /Users/hazelweakly/.local/share/pnpm/store/v3/tmp/dlx-53682/node_modules/.bin/prettier",
      "stack": "pnpm: Command failed with exit code 1: /Users/hazelweakly/.local/share/pnpm/store/v3/tmp/dlx-53682/node_modules/.bin/prettier\n    at makeError (/nix/store/y6babpddk0a9v9n5vp0bi2lksy5b783h-pnpm-7.1.7/lib/node_modules/pnpm/dist/pnpx.cjs:36987:17)\n    at handlePromise (/nix/store/y6babpddk0a9v9n5vp0bi2lksy5b783h-pnpm-7.1.7/lib/node_modules/pnpm/dist/pnpx.cjs:37558:33)\n    at processTicksAndRejections (internal/process/task_queues.js:95:5)\n    at async Object.handler [as dlx] (/nix/store/y6babpddk0a9v9n5vp0bi2lksy5b783h-pnpm-7.1.7/lib/node_modules/pnpm/dist/pnpx.cjs:177169:7)\n    at async /nix/store/y6babpddk0a9v9n5vp0bi2lksy5b783h-pnpm-7.1.7/lib/node_modules/pnpm/dist/pnpx.cjs:182701:21\n    at async run (/nix/store/y6babpddk0a9v9n5vp0bi2lksy5b783h-pnpm-7.1.7/lib/node_modules/pnpm/dist/pnpx.cjs:182675:34)\n    at async /nix/store/y6babpddk0a9v9n5vp0bi2lksy5b783h-pnpm-7.1.7/lib/node_modules/pnpm/dist/pnpx.cjs:182747:5"
    }
  }
}